<?xml version="1.0" encoding="UTF-8"?>
<testng-results skipped="0" failed="0" ignored="0" total="2" passed="2">
  <reporter-output>
  </reporter-output>
  <suite name="N11 Test Suite" duration-ms="8992" started-at="2018-06-06T12:26:20Z" finished-at="2018-06-06T12:26:29Z">
    <groups>
    </groups>
    <test name="LoginTest" duration-ms="8992" started-at="2018-06-06T12:26:20Z" finished-at="2018-06-06T12:26:29Z">
      <class name="tests.LoginTests">
        <test-method status="PASS" signature="setup()[pri:0, instance:tests.LoginTests@3532ec19]" name="setup" is-config="true" duration-ms="2727" started-at="2018-06-06T14:26:20Z" description="Class Level Setup!" finished-at="2018-06-06T14:26:23Z">
          <reporter-output>
          </reporter-output>
        </test-method> <!-- setup -->
        <test-method status="PASS" signature="invalidLoginTest_InvalidUserNameInvalidPassword(java.lang.reflect.Method)[pri:0, instance:tests.LoginTests@3532ec19]" name="invalidLoginTest_InvalidUserNameInvalidPassword" duration-ms="2031" started-at="2018-06-06T14:26:23Z" description="Invalid Login Scenario with wrong username and password." finished-at="2018-06-06T14:26:25Z">
          <params>
            <param index="0">
              <value>
                <![CDATA[public void tests.LoginTests.invalidLoginTest_InvalidUserNameInvalidPassword(java.lang.reflect.Method) throws java.lang.InterruptedException]]>
              </value>
            </param>
          </params>
          <reporter-output>
          </reporter-output>
        </test-method> <!-- invalidLoginTest_InvalidUserNameInvalidPassword -->
        <test-method status="PASS" signature="invalidLoginTest_EmptyUserEmptyPassword()[pri:1, instance:tests.LoginTests@3532ec19]" name="invalidLoginTest_EmptyUserEmptyPassword" duration-ms="3547" started-at="2018-06-06T14:26:25Z" description="Invalid Login Scenario with empty username and password." finished-at="2018-06-06T14:26:28Z">
          <reporter-output>
          </reporter-output>
        </test-method> <!-- invalidLoginTest_EmptyUserEmptyPassword -->
        <test-method status="PASS" signature="teardown()[pri:0, instance:tests.LoginTests@3532ec19]" name="teardown" is-config="true" duration-ms="663" started-at="2018-06-06T14:26:28Z" description="Class Level Teardown!" finished-at="2018-06-06T14:26:29Z">
          <reporter-output>
          </reporter-output>
        </test-method> <!-- teardown -->
      </class> <!-- tests.LoginTests -->
    </test> <!-- LoginTest -->
  </suite> <!-- N11 Test Suite -->
</testng-results>
