<?xml version="1.0" encoding="UTF-8"?>
<!-- Generated by org.testng.reporters.JUnitReportReporter -->
<testsuite skipped="0" hostname="AcerNTB" name="tests.LoginTests" tests="2" failures="0" timestamp="06 jún 2018 12:26:29 GMT" time="5.578" errors="0">
  <testcase name="invalidLoginTest_InvalidUserNameInvalidPassword" time="2.031" classname="tests.LoginTests"/>
  <testcase name="invalidLoginTest_EmptyUserEmptyPassword" time="3.547" classname="tests.LoginTests"/>
</testsuite> <!-- tests.LoginTests -->
